<?xml version="1.0" encoding="UTF-8"?>
<!-- Generated by org.testng.reporters.JUnitXMLReporter -->
<testsuite hostname="IN5CD94237KD" ignored="0" name="Pega OSF Capture Response API Call Regression Test" tests="2" failures="0" timestamp="2021-06-24T10:58:19 IST" time="106.422" errors="0">
  <testcase name="@BeforeMethod setup" time="104.529" classname="Mccm.Pega.OSF.PegaTest.PegaOSFOutcomeAcceptedAPIVldTest">
    <failure type="org.openqa.selenium.TimeoutException" message="Expected condition failed: waiting for visibility of [[ChromeDriver: chrome on WINDOWS (7e5618d4194830a6512f35586dc10542)] -&amp;gt; xpath: //a[@title=&amp;apos;Launch web interface&amp;apos;]] (tried for 60 second(s) with 500 milliseconds interval)
Build info: version: &amp;apos;3.141.59&amp;apos;, revision: &amp;apos;e82be7d358&amp;apos;, time: &amp;apos;2018-11-14T08:17:03&amp;apos;
System info: host: &amp;apos;IN5CD94237KD&amp;apos;, ip: &amp;apos;10.218.178.15&amp;apos;, os.name: &amp;apos;Windows 10&amp;apos;, os.arch: &amp;apos;amd64&amp;apos;, os.version: &amp;apos;10.0&amp;apos;, java.version: &amp;apos;1.8.0_291&amp;apos;
Driver info: org.openqa.selenium.chrome.ChromeDriver
Capabilities {acceptInsecureCerts: false, browserName: chrome, browserVersion: 91.0.4472.114, chrome: {chromedriverVersion: 91.0.4472.19 (1bf021f248676..., userDataDir: C:\Users\prout21\AppData\Lo...}, goog:chromeOptions: {debuggerAddress: localhost:53860}, javascriptEnabled: true, networkConnectionEnabled: false, pageLoadStrategy: normal, platform: WINDOWS, platformName: WINDOWS, proxy: Proxy(), setWindowRect: true, strictFileInteractability: false, timeouts: {implicit: 0, pageLoad: 300000, script: 30000}, unhandledPromptBehavior: dismiss and notify, webauthn:extension:largeBlob: true, webauthn:virtualAuthenticators: true}
Session ID: 7e5618d4194830a6512f35586dc10542">
      <![CDATA[org.openqa.selenium.TimeoutException: Expected condition failed: waiting for visibility of [[ChromeDriver: chrome on WINDOWS (7e5618d4194830a6512f35586dc10542)] -> xpath: //a[@title='Launch web interface']] (tried for 60 second(s) with 500 milliseconds interval)
Build info: version: '3.141.59', revision: 'e82be7d358', time: '2018-11-14T08:17:03'
System info: host: 'IN5CD94237KD', ip: '10.218.178.15', os.name: 'Windows 10', os.arch: 'amd64', os.version: '10.0', java.version: '1.8.0_291'
Driver info: org.openqa.selenium.chrome.ChromeDriver
Capabilities {acceptInsecureCerts: false, browserName: chrome, browserVersion: 91.0.4472.114, chrome: {chromedriverVersion: 91.0.4472.19 (1bf021f248676..., userDataDir: C:\Users\prout21\AppData\Lo...}, goog:chromeOptions: {debuggerAddress: localhost:53860}, javascriptEnabled: true, networkConnectionEnabled: false, pageLoadStrategy: normal, platform: WINDOWS, platformName: WINDOWS, proxy: Proxy(), setWindowRect: true, strictFileInteractability: false, timeouts: {implicit: 0, pageLoad: 300000, script: 30000}, unhandledPromptBehavior: dismiss and notify, webauthn:extension:largeBlob: true, webauthn:virtualAuthenticators: true}
Session ID: 7e5618d4194830a6512f35586dc10542
at org.openqa.selenium.support.ui.WebDriverWait.timeoutException(WebDriverWait.java:95)
at org.openqa.selenium.support.ui.FluentWait.until(FluentWait.java:272)
at Mccm.Pega.Inbound.PegaMain.LoginPageInbound.Pegamrklunch3(LoginPageInbound.java:62)
at Mccm.Pega.OSF.PegaTest.PegaOSFOutcomeAcceptedAPIVldTest.setup(PegaOSFOutcomeAcceptedAPIVldTest.java:47)
at java.util.ArrayList.forEach(ArrayList.java:1259)
... Removed 31 stack frames]]>
    </failure>
  </testcase> <!-- @BeforeMethod setup -->
  <testcase name="@AfterMethod teardown" time="-1.624512499362E9" classname="Mccm.Pega.OSF.PegaTest.PegaOSFOutcomeAcceptedAPIVldTest">
    <skipped/>
  </testcase> <!-- @AfterMethod teardown -->
  <testcase name="VerifyOSFCaptureResponseOutcomeAPIcallSuccessfully" time="1.885" classname="Mccm.Pega.OSF.PegaTest.OSFAPICallCaptResponseTest"/>
  <testcase name="VerifyOSFOutcomeAPIAcceptedValidationRunSuccessfully" time="0.0" classname="Mccm.Pega.OSF.PegaTest.PegaOSFOutcomeAcceptedAPIVldTest">
    <skipped/>
  </testcase> <!-- VerifyOSFOutcomeAPIAcceptedValidationRunSuccessfully -->
</testsuite> <!-- Pega OSF Capture Response API Call Regression Test -->
