<!DOCTYPE html PUBLIC "-//W3C//DTD XHTML 1.1//EN" "http://www.w3.org/TR/xhtml11/DTD/xhtml11.dtd">
<html xmlns="http://www.w3.org/1999/xhtml">
<head>
<meta http-equiv="content-type" content="text/html; charset=UTF-8"/>
<title>TestNG Report</title>
<style type="text/css">table {margin-bottom:10px;border-collapse:collapse;empty-cells:show}th,td {border:1px solid #009;padding:.25em .5em}th {vertical-align:bottom}td {vertical-align:top}table a {font-weight:bold}.stripe td {background-color: #E6EBF9}.num {text-align:right}.passedodd td {background-color: #3F3}.passedeven td {background-color: #0A0}.skippedodd td {background-color: #DDD}.skippedeven td {background-color: #CCC}.failedodd td,.attn {background-color: #F33}.failedeven td,.stripe .attn {background-color: #D00}.stacktrace {white-space:pre;font-family:monospace}.totop {font-size:85%;text-align:center;border-bottom:2px solid #000}.invisible {display:none}</style>
</head>
<body>
<table>
<tr><th>Test</th><th># Passed</th><th># Skipped</th><th># Retried</th><th># Failed</th><th>Time (ms)</th><th>Included Groups</th><th>Excluded Groups</th></tr>
<tr><th colspan="7">Mccm Automation Regression Suite</th></tr>
<tr><td><a href="#t0">Unix Filecheck Inbound Interface Regression Test</a></td><td class="num">3</td><td class="num">0</td><td class="num">0</td><td class="num">0</td><td class="num">158,488</td><td></td><td></td></tr>
<tr class="stripe"><td><a href="#t1">Pega Intraction Recent History Regression Test</a></td><td class="num">0</td><td class="num">0</td><td class="num">0</td><td class="num attn">1</td><td class="num">101,889</td><td></td><td></td></tr>
<tr><th colspan="7">Mccm NBA Outbound Automation Regression Suite</th></tr>
<tr><td><a href="#t2">Unix filechk and DB loaded Regression Test</a></td><td class="num">1</td><td class="num">0</td><td class="num">0</td><td class="num">0</td><td class="num">407,063</td><td></td><td></td></tr>
<tr class="stripe"><td><a href="#t3">Pega Dynamic System Setting Regression Test</a></td><td class="num">3</td><td class="num attn">1</td><td class="num">0</td><td class="num attn">1</td><td class="num">205,140</td><td></td><td></td></tr>
<tr><td><a href="#t4">Pega NBACampaign Run Marketing Completed Regression Test</a></td><td class="num">0</td><td class="num">0</td><td class="num">0</td><td class="num attn">1</td><td class="num">83,816</td><td></td><td></td></tr>
<tr class="stripe"><td><a href="#t5">Pega NBA DB Config Completed Regression Test</a></td><td class="num">0</td><td class="num">0</td><td class="num">0</td><td class="num attn">1</td><td class="num">223,128</td><td></td><td></td></tr>
<tr><td><a href="#t6">Unix Extract NBA Channel File Regression Test</a></td><td class="num">1</td><td class="num">0</td><td class="num">0</td><td class="num">0</td><td class="num">62,956</td><td></td><td></td></tr>
<tr class="stripe"><td><a href="#t7">Pega Generated Extract Channel File Regression Test</a></td><td class="num">1</td><td class="num">0</td><td class="num">0</td><td class="num">0</td><td class="num">198,228</td><td></td><td></td></tr>
<tr><td><a href="#t8">Pega NBACampaign Batch Process Completed Regression Test</a></td><td class="num">0</td><td class="num">0</td><td class="num">0</td><td class="num attn">1</td><td class="num">175,506</td><td></td><td></td></tr>
<tr><th>Total</th><th class="num">9</th><th class="num attn">1</th><th class="num">0</th><th class="num attn">5</th><th class="num">1,616,214</th><th colspan="2"></th></tr>
</table>
<table id='summary'><thead><tr><th>Class</th><th>Method</th><th>Start</th><th>Time (ms)</th></tr></thead><tbody><tr><th colspan="4">Mccm Automation Regression Suite</th></tr></tbody><tbody id="t0"><tr><th colspan="4">Unix Filecheck Inbound Interface Regression Test &#8212; passed</th></tr><tr class="passedeven"><td rowspan="1">Mccm.Unix.Inbound.App_Inbound_DMP_Test</td><td><a href="#m0">VerifyDMPFileLoadSuccessfully</a></td><td rowspan="1">1602592548382</td><td rowspan="1">50651</td></tr><tr class="passedodd"><td rowspan="1">Mccm.Unix.Inbound.App_Inbound_KIASEPOS_Test</td><td><a href="#m1">VerifyKIASEPOSFileLoadSuccessfully</a></td><td rowspan="1">1602592599050</td><td rowspan="1">53909</td></tr><tr class="passedeven"><td rowspan="1">Mccm.Unix.Inbound.App_Inbound_OnlineShop_Test</td><td><a href="#m2">VerifyONLINESHOPFileLoadSuccessfully</a></td><td rowspan="1">1602592652959</td><td rowspan="1">53858</td></tr></tbody>
<tbody id="t1"><tr><th colspan="4">Pega Intraction Recent History Regression Test &#8212; failed</th></tr><tr class="failedeven"><td rowspan="1">Mccm.Pega.Inbound.PegaTest.PegamarktIntrctnHistoryTest</td><td><a href="#m3">VerifyIntractionHistoryRunSuccessfully</a></td><td rowspan="1">1602592734161</td><td rowspan="1">75226</td></tr></tbody>
<tbody><tr><th colspan="4">Mccm NBA Outbound Automation Regression Suite</th></tr></tbody><tbody id="t2"><tr><th colspan="4">Unix filechk and DB loaded Regression Test &#8212; passed</th></tr><tr class="passedeven"><td rowspan="1">Mccm.Unix.Outbound.App_Unix_Outbound_Test</td><td><a href="#m4">VerifyDBDataLoadedSuccessfully</a></td><td rowspan="1">1602592809577</td><td rowspan="1">407060</td></tr></tbody>
<tbody id="t3"><tr><th colspan="4">Pega Dynamic System Setting Regression Test &#8212; failed (configuration methods)</th></tr><tr class="failedeven"><td rowspan="1">Mccm.Pega.Outbound.PegaTest.HomePageTest</td><td><a href="#m5">setup</a></td><td rowspan="1">1602593384783</td><td rowspan="1">37208</td></tr><tr><th colspan="4">Pega Dynamic System Setting Regression Test &#8212; failed</th></tr><tr class="failedeven"><td rowspan="1">Mccm.Pega.Outbound.PegaTest.DataLoadDetailsTest</td><td><a href="#m6">VerifyOracleCansadraDataLoadedSuccessfully</a></td><td rowspan="1">1602593305036</td><td rowspan="1">78410</td></tr><tr><th colspan="4">Pega Dynamic System Setting Regression Test &#8212; skipped (configuration methods)</th></tr><tr class="skippedeven"><td rowspan="1">Mccm.Pega.Outbound.PegaTest.HomePageTest</td><td><a href="#m7">teardown</a></td><td rowspan="1">1602593421995</td><td rowspan="1">-1602593421995</td></tr><tr><th colspan="4">Pega Dynamic System Setting Regression Test &#8212; skipped</th></tr><tr class="skippedeven"><td rowspan="1">Mccm.Pega.Outbound.PegaTest.HomePageTest</td><td><a href="#m8">VerifyDynamicSystemSettingSuccessfully</a></td><td rowspan="1">1602593421993</td><td rowspan="1">0</td></tr><tr><th colspan="4">Pega Dynamic System Setting Regression Test &#8212; passed</th></tr><tr class="passedeven"><td rowspan="3">Mccm.Pega.Outbound.PegaTest.LoginPageTest</td><td><a href="#m9">VerifyLoginPageTitleTest</a></td><td rowspan="1">1602593226221</td><td rowspan="1">34</td></tr><tr class="passedeven"><td><a href="#m10">VerifyLoginSuccessfulTest</a></td><td rowspan="1">1602593244705</td><td rowspan="1">17421</td></tr><tr class="passedeven"><td><a href="#m11">VerifyPegaLogoTest</a></td><td rowspan="1">1602593235755</td><td rowspan="1">103</td></tr></tbody>
<tbody id="t4"><tr><th colspan="4">Pega NBACampaign Run Marketing Completed Regression Test &#8212; failed</th></tr><tr class="failedeven"><td rowspan="1">Mccm.Pega.Outbound.PegaTest.PegamarktingTest</td><td><a href="#m12">VerifyNBACampaignRunSuccessfully</a></td><td rowspan="1">1602593445116</td><td rowspan="1">59651</td></tr></tbody>
<tbody id="t5"><tr><th colspan="4">Pega NBA DB Config Completed Regression Test &#8212; failed</th></tr><tr class="failedeven"><td rowspan="1">Mccm.Pega.Outbound.PegaTest.DBConfigValdtnTest</td><td><a href="#m13">VerifyDBConfigurationSuccessfully</a></td><td rowspan="1">1602593544190</td><td rowspan="1">183943</td></tr></tbody>
<tbody id="t6"><tr><th colspan="4">Unix Extract NBA Channel File Regression Test &#8212; passed</th></tr><tr class="passedeven"><td rowspan="1">Mccm.Unix.Outbound.App_Unix_Outbound_Extract_Test</td><td><a href="#m14">VerifyExtracDataLoadedSuccessfully</a></td><td rowspan="1">1602593729599</td><td rowspan="1">62952</td></tr></tbody>
<tbody id="t7"><tr><th colspan="4">Pega Generated Extract Channel File Regression Test &#8212; passed</th></tr><tr class="passedeven"><td rowspan="1">Mccm.Pega.Outbound.PegaTest.ExtractChannelFileTest</td><td><a href="#m15">VerifyExtractChannelFileCheckSuccessfully</a></td><td rowspan="1">1602593835327</td><td rowspan="1">154136</td></tr></tbody>
<tbody id="t8"><tr><th colspan="4">Pega NBACampaign Batch Process Completed Regression Test &#8212; failed</th></tr><tr class="failedeven"><td rowspan="1">Mccm.Pega.Outbound.PegaTest.NBAOutboundValdtnTest</td><td><a href="#m16">VerifyNBABatchProcessCompletedSuccessfully</a></td><td rowspan="1">1602594031471</td><td rowspan="1">133730</td></tr></tbody>
</table>
<h2>Unix Filecheck Inbound Interface Regression Test</h2><h3 id="m0">Mccm.Unix.Inbound.App_Inbound_DMP_Test#VerifyDMPFileLoadSuccessfully</h3><table class="result"><tr><th class="invisible"/></tr></table><p class="totop"><a href="#summary">back to summary</a></p>
<h3 id="m1">Mccm.Unix.Inbound.App_Inbound_KIASEPOS_Test#VerifyKIASEPOSFileLoadSuccessfully</h3><table class="result"><tr><th class="invisible"/></tr></table><p class="totop"><a href="#summary">back to summary</a></p>
<h3 id="m2">Mccm.Unix.Inbound.App_Inbound_OnlineShop_Test#VerifyONLINESHOPFileLoadSuccessfully</h3><table class="result"><tr><th class="invisible"/></tr></table><p class="totop"><a href="#summary">back to summary</a></p>
<h2>Pega Intraction Recent History Regression Test</h2><h3 id="m3">Mccm.Pega.Inbound.PegaTest.PegamarktIntrctnHistoryTest#VerifyIntractionHistoryRunSuccessfully</h3><table class="result"><tr><th>Exception</th></tr><tr><td><div class="stacktrace">org.openqa.selenium.NoSuchElementException: no such element: Unable to locate element: {&quot;method&quot;:&quot;xpath&quot;,&quot;selector&quot;:&quot;/html[1]/body[1]/div[2]/form[1]/div[3]/div[1]/table[1]/tbody[1]/tr[1]/td[1]/div[1]/div[2]/span[1]/div[1]/span[1]/div[1]/span[2]/div[1]/div[2]/div[2]/div[4]/div[1]/div[1]/div[1]/div[1]/div[1]/div[1]/div[2]/table[1]/tbody[1]/tr[1]/td[2]/div[1]/table[1]/tbody[1]/tr[2]/td[12]/div[1]/span[1]&quot;}
  (Session info: chrome=86.0.4240.75)
For documentation on this error, please visit: https://www.seleniumhq.org/exceptions/no_such_element.html
Build info: version: &apos;3.141.59&apos;, revision: &apos;e82be7d358&apos;, time: &apos;2018-11-14T08:17:03&apos;
System info: host: &apos;INSGH045PMS0&apos;, ip: &apos;10.218.211.68&apos;, os.name: &apos;Windows 10&apos;, os.arch: &apos;amd64&apos;, os.version: &apos;10.0&apos;, java.version: &apos;1.8.0_251&apos;
Driver info: org.openqa.selenium.chrome.ChromeDriver
Capabilities {acceptInsecureCerts: false, browserName: chrome, browserVersion: 86.0.4240.75, chrome: {chromedriverVersion: 86.0.4240.22 (398b0743353ff..., userDataDir: C:\Users\prout21\AppData\Lo...}, goog:chromeOptions: {debuggerAddress: localhost:65151}, javascriptEnabled: true, networkConnectionEnabled: false, pageLoadStrategy: normal, platform: WINDOWS, platformName: WINDOWS, proxy: Proxy(), setWindowRect: true, strictFileInteractability: false, timeouts: {implicit: 0, pageLoad: 300000, script: 30000}, unhandledPromptBehavior: dismiss and notify, webauthn:virtualAuthenticators: true}
Session ID: 27132d152b9d1d3faf268d289396244a
*** Element info: {Using=xpath, value=/html[1]/body[1]/div[2]/form[1]/div[3]/div[1]/table[1]/tbody[1]/tr[1]/td[1]/div[1]/div[2]/span[1]/div[1]/span[1]/div[1]/span[2]/div[1]/div[2]/div[2]/div[4]/div[1]/div[1]/div[1]/div[1]/div[1]/div[1]/div[2]/table[1]/tbody[1]/tr[1]/td[2]/div[1]/table[1]/tbody[1]/tr[2]/td[12]/div[1]/span[1]}
	at org.openqa.selenium.remote.http.W3CHttpResponseCodec.createException(W3CHttpResponseCodec.java:187)
	at org.openqa.selenium.remote.http.W3CHttpResponseCodec.decode(W3CHttpResponseCodec.java:122)
	at org.openqa.selenium.remote.http.W3CHttpResponseCodec.decode(W3CHttpResponseCodec.java:49)
	at org.openqa.selenium.remote.HttpCommandExecutor.execute(HttpCommandExecutor.java:158)
	at org.openqa.selenium.remote.service.DriverCommandExecutor.execute(DriverCommandExecutor.java:83)
	at org.openqa.selenium.remote.RemoteWebDriver.execute(RemoteWebDriver.java:552)
	at org.openqa.selenium.remote.RemoteWebDriver.findElement(RemoteWebDriver.java:323)
	at org.openqa.selenium.remote.RemoteWebDriver.findElementByXPath(RemoteWebDriver.java:428)
	at org.openqa.selenium.By$ByXPath.findElement(By.java:353)
	at org.openqa.selenium.remote.RemoteWebDriver.findElement(RemoteWebDriver.java:315)
	at Mccm.Pega.Inbound.InteractionHistory.PegaMarketIntrctnHistry.Validation(PegaMarketIntrctnHistry.java:108)
	at Mccm.Pega.Inbound.PegaTest.PegamarktIntrctnHistoryTest.VerifyIntractionHistoryRunSuccessfully(PegamarktIntrctnHistoryTest.java:56)
	at java.util.ArrayList.forEach(ArrayList.java:1257)
... Removed 35 stack frames</div></td></tr></table><p class="totop"><a href="#summary">back to summary</a></p>
<h2>Unix filechk and DB loaded Regression Test</h2><h3 id="m4">Mccm.Unix.Outbound.App_Unix_Outbound_Test#VerifyDBDataLoadedSuccessfully</h3><table class="result"><tr><th class="invisible"/></tr></table><p class="totop"><a href="#summary">back to summary</a></p>
<h2>Pega Dynamic System Setting Regression Test</h2><h3 id="m5">Mccm.Pega.Outbound.PegaTest.HomePageTest#setup</h3><table class="result"><tr><th>Exception</th></tr><tr><td><div class="stacktrace">org.openqa.selenium.TimeoutException: timeout: Timed out receiving message from renderer: 20.000
  (Session info: chrome=86.0.4240.75)
Build info: version: &apos;3.141.59&apos;, revision: &apos;e82be7d358&apos;, time: &apos;2018-11-14T08:17:03&apos;
System info: host: &apos;INSGH045PMS0&apos;, ip: &apos;10.218.211.68&apos;, os.name: &apos;Windows 10&apos;, os.arch: &apos;amd64&apos;, os.version: &apos;10.0&apos;, java.version: &apos;1.8.0_251&apos;
Driver info: org.openqa.selenium.chrome.ChromeDriver
Capabilities {acceptInsecureCerts: false, browserName: chrome, browserVersion: 86.0.4240.75, chrome: {chromedriverVersion: 86.0.4240.22 (398b0743353ff..., userDataDir: C:\Users\prout21\AppData\Lo...}, goog:chromeOptions: {debuggerAddress: localhost:65357}, javascriptEnabled: true, networkConnectionEnabled: false, pageLoadStrategy: normal, platform: WINDOWS, platformName: WINDOWS, proxy: Proxy(), setWindowRect: true, strictFileInteractability: false, timeouts: {implicit: 0, pageLoad: 300000, script: 30000}, unhandledPromptBehavior: dismiss and notify, webauthn:virtualAuthenticators: true}
Session ID: dcff9817bd6a3032b635962f8fb7bcbd
	at org.openqa.selenium.remote.http.W3CHttpResponseCodec.createException(W3CHttpResponseCodec.java:187)
	at org.openqa.selenium.remote.http.W3CHttpResponseCodec.decode(W3CHttpResponseCodec.java:122)
	at org.openqa.selenium.remote.http.W3CHttpResponseCodec.decode(W3CHttpResponseCodec.java:49)
	at org.openqa.selenium.remote.HttpCommandExecutor.execute(HttpCommandExecutor.java:158)
	at org.openqa.selenium.remote.service.DriverCommandExecutor.execute(DriverCommandExecutor.java:83)
	at org.openqa.selenium.remote.RemoteWebDriver.execute(RemoteWebDriver.java:552)
	at org.openqa.selenium.remote.RemoteWebElement.execute(RemoteWebElement.java:285)
	at org.openqa.selenium.remote.RemoteWebElement.click(RemoteWebElement.java:84)
	at org.openqa.selenium.support.pagefactory.internal.LocatingElementHandler.invoke(LocatingElementHandler.java:51)
	at com.sun.proxy.$Proxy7.click(Unknown Source)
	at Mccm.Pega.Outbound.PegaMain.LoginPage.login(LoginPage.java:42)
	at Mccm.Pega.Outbound.PegaTest.HomePageTest.setup(HomePageTest.java:35)
	at java.util.ArrayList.forEach(ArrayList.java:1257)
... Removed 43 stack frames</div></td></tr></table><p class="totop"><a href="#summary">back to summary</a></p>
<h3 id="m6">Mccm.Pega.Outbound.PegaTest.DataLoadDetailsTest#VerifyOracleCansadraDataLoadedSuccessfully</h3><table class="result"><tr><th>Exception</th></tr><tr><td><div class="stacktrace">org.openqa.selenium.ElementClickInterceptedException: element click intercepted: Element &lt;a data-test-id=&quot;20180627085938070533&quot; href=&quot;#&quot; onclick=&quot;pd(event);&quot; data-ctl=&quot;Link&quot; name=&quot;pzSearchResultName_pySearchResults.pxResults(1)_3&quot; data-click=&quot;[[&amp;quot;closeContainer&amp;quot;,[&amp;quot;:event&amp;quot;]],[&amp;quot;runScript&amp;quot;, [&amp;quot;top.OpenRuleInPortalByInsName(\&amp;quot;#~pySearchResults.pxResults(1).pzCategoryActionKeys~#\&amp;quot;,\&amp;quot;#~pySearchResults.pxResults(1).pxInsName~#\&amp;quot;)&amp;quot;]],[&amp;quot;openRuleByClassAndName&amp;quot;,[&amp;quot;#~pySearchResults.pxResults(1).pxInsName~#&amp;quot;,&amp;quot;#~pySearchResults.pxResults(1).pzCategoryActionKeys~#&amp;quot;,&amp;quot;&amp;quot;,&amp;quot;&amp;quot;]]]&quot; class=&quot;&quot;&gt;...&lt;/a&gt; is not clickable at point (330, 112). Other element would receive the click: &lt;div id=&quot;pega_ui_mask&quot; class=&quot;pega_ui_masking&quot; style=&quot;position: fixed; display: block; top: 0px; left: 0px; height: 613px; width: 1024px;&quot;&gt;...&lt;/div&gt;
  (Session info: chrome=86.0.4240.75)
Build info: version: &apos;3.141.59&apos;, revision: &apos;e82be7d358&apos;, time: &apos;2018-11-14T08:17:03&apos;
System info: host: &apos;INSGH045PMS0&apos;, ip: &apos;10.218.211.68&apos;, os.name: &apos;Windows 10&apos;, os.arch: &apos;amd64&apos;, os.version: &apos;10.0&apos;, java.version: &apos;1.8.0_251&apos;
Driver info: org.openqa.selenium.chrome.ChromeDriver
Capabilities {acceptInsecureCerts: false, browserName: chrome, browserVersion: 86.0.4240.75, chrome: {chromedriverVersion: 86.0.4240.22 (398b0743353ff..., userDataDir: C:\Users\prout21\AppData\Lo...}, goog:chromeOptions: {debuggerAddress: localhost:65316}, javascriptEnabled: true, networkConnectionEnabled: false, pageLoadStrategy: normal, platform: WINDOWS, platformName: WINDOWS, proxy: Proxy(), setWindowRect: true, strictFileInteractability: false, timeouts: {implicit: 0, pageLoad: 300000, script: 30000}, unhandledPromptBehavior: dismiss and notify, webauthn:virtualAuthenticators: true}
Session ID: 20f0e72e0cc3beb02538a4901ca9cdb7
	at org.openqa.selenium.remote.http.W3CHttpResponseCodec.createException(W3CHttpResponseCodec.java:187)
	at org.openqa.selenium.remote.http.W3CHttpResponseCodec.decode(W3CHttpResponseCodec.java:122)
	at org.openqa.selenium.remote.http.W3CHttpResponseCodec.decode(W3CHttpResponseCodec.java:49)
	at org.openqa.selenium.remote.HttpCommandExecutor.execute(HttpCommandExecutor.java:158)
	at org.openqa.selenium.remote.service.DriverCommandExecutor.execute(DriverCommandExecutor.java:83)
	at org.openqa.selenium.remote.RemoteWebDriver.execute(RemoteWebDriver.java:552)
	at org.openqa.selenium.remote.RemoteWebElement.execute(RemoteWebElement.java:285)
	at org.openqa.selenium.remote.RemoteWebElement.click(RemoteWebElement.java:84)
	at org.openqa.selenium.support.pagefactory.internal.LocatingElementHandler.invoke(LocatingElementHandler.java:51)
	at com.sun.proxy.$Proxy7.click(Unknown Source)
	at Mccm.Pega.Outbound.PegaMain.DataLoadDetails.Clickd_latestdataloadFlag(DataLoadDetails.java:114)
	at Mccm.Pega.Outbound.PegaTest.DataLoadDetailsTest.VerifyOracleCansadraDataLoadedSuccessfully(DataLoadDetailsTest.java:45)
	at java.util.ArrayList.forEach(ArrayList.java:1257)
... Removed 39 stack frames</div></td></tr></table><p class="totop"><a href="#summary">back to summary</a></p>
<h3 id="m7">Mccm.Pega.Outbound.PegaTest.HomePageTest#teardown</h3><table class="result"><tr><th class="invisible"/></tr></table><p class="totop"><a href="#summary">back to summary</a></p>
<h3 id="m8">Mccm.Pega.Outbound.PegaTest.HomePageTest#VerifyDynamicSystemSettingSuccessfully</h3><table class="result"><tr><th>Exception</th></tr><tr><td><div class="stacktrace">org.openqa.selenium.TimeoutException: timeout: Timed out receiving message from renderer: 20.000
  (Session info: chrome=86.0.4240.75)
Build info: version: &apos;3.141.59&apos;, revision: &apos;e82be7d358&apos;, time: &apos;2018-11-14T08:17:03&apos;
System info: host: &apos;INSGH045PMS0&apos;, ip: &apos;10.218.211.68&apos;, os.name: &apos;Windows 10&apos;, os.arch: &apos;amd64&apos;, os.version: &apos;10.0&apos;, java.version: &apos;1.8.0_251&apos;
Driver info: org.openqa.selenium.chrome.ChromeDriver
Capabilities {acceptInsecureCerts: false, browserName: chrome, browserVersion: 86.0.4240.75, chrome: {chromedriverVersion: 86.0.4240.22 (398b0743353ff..., userDataDir: C:\Users\prout21\AppData\Lo...}, goog:chromeOptions: {debuggerAddress: localhost:65357}, javascriptEnabled: true, networkConnectionEnabled: false, pageLoadStrategy: normal, platform: WINDOWS, platformName: WINDOWS, proxy: Proxy(), setWindowRect: true, strictFileInteractability: false, timeouts: {implicit: 0, pageLoad: 300000, script: 30000}, unhandledPromptBehavior: dismiss and notify, webauthn:virtualAuthenticators: true}
Session ID: dcff9817bd6a3032b635962f8fb7bcbd
	at org.openqa.selenium.remote.http.W3CHttpResponseCodec.createException(W3CHttpResponseCodec.java:187)
	at org.openqa.selenium.remote.http.W3CHttpResponseCodec.decode(W3CHttpResponseCodec.java:122)
	at org.openqa.selenium.remote.http.W3CHttpResponseCodec.decode(W3CHttpResponseCodec.java:49)
	at org.openqa.selenium.remote.HttpCommandExecutor.execute(HttpCommandExecutor.java:158)
	at org.openqa.selenium.remote.service.DriverCommandExecutor.execute(DriverCommandExecutor.java:83)
	at org.openqa.selenium.remote.RemoteWebDriver.execute(RemoteWebDriver.java:552)
	at org.openqa.selenium.remote.RemoteWebElement.execute(RemoteWebElement.java:285)
	at org.openqa.selenium.remote.RemoteWebElement.click(RemoteWebElement.java:84)
	at org.openqa.selenium.support.pagefactory.internal.LocatingElementHandler.invoke(LocatingElementHandler.java:51)
	at com.sun.proxy.$Proxy7.click(Unknown Source)
	at Mccm.Pega.Outbound.PegaMain.LoginPage.login(LoginPage.java:42)
	at Mccm.Pega.Outbound.PegaTest.HomePageTest.setup(HomePageTest.java:35)
	at java.util.ArrayList.forEach(ArrayList.java:1257)
... Removed 43 stack frames</div></td></tr></table><p class="totop"><a href="#summary">back to summary</a></p>
<h3 id="m9">Mccm.Pega.Outbound.PegaTest.LoginPageTest#VerifyLoginPageTitleTest</h3><table class="result"><tr><th class="invisible"/></tr></table><p class="totop"><a href="#summary">back to summary</a></p>
<h3 id="m10">Mccm.Pega.Outbound.PegaTest.LoginPageTest#VerifyLoginSuccessfulTest</h3><table class="result"><tr><th class="invisible"/></tr></table><p class="totop"><a href="#summary">back to summary</a></p>
<h3 id="m11">Mccm.Pega.Outbound.PegaTest.LoginPageTest#VerifyPegaLogoTest</h3><table class="result"><tr><th class="invisible"/></tr></table><p class="totop"><a href="#summary">back to summary</a></p>
<h2>Pega NBACampaign Run Marketing Completed Regression Test</h2><h3 id="m12">Mccm.Pega.Outbound.PegaTest.PegamarktingTest#VerifyNBACampaignRunSuccessfully</h3><table class="result"><tr><th>Exception</th></tr><tr><td><div class="stacktrace">org.openqa.selenium.TimeoutException: timeout: Timed out receiving message from renderer: 20.000
  (Session info: chrome=86.0.4240.75)
Build info: version: &apos;3.141.59&apos;, revision: &apos;e82be7d358&apos;, time: &apos;2018-11-14T08:17:03&apos;
System info: host: &apos;INSGH045PMS0&apos;, ip: &apos;10.218.211.68&apos;, os.name: &apos;Windows 10&apos;, os.arch: &apos;amd64&apos;, os.version: &apos;10.0&apos;, java.version: &apos;1.8.0_251&apos;
Driver info: org.openqa.selenium.chrome.ChromeDriver
Capabilities {acceptInsecureCerts: false, browserName: chrome, browserVersion: 86.0.4240.75, chrome: {chromedriverVersion: 86.0.4240.22 (398b0743353ff..., userDataDir: C:\Users\prout21\AppData\Lo...}, goog:chromeOptions: {debuggerAddress: localhost:65382}, javascriptEnabled: true, networkConnectionEnabled: false, pageLoadStrategy: normal, platform: WINDOWS, platformName: WINDOWS, proxy: Proxy(), setWindowRect: true, strictFileInteractability: false, timeouts: {implicit: 0, pageLoad: 300000, script: 30000}, unhandledPromptBehavior: dismiss and notify, webauthn:virtualAuthenticators: true}
Session ID: 45afa598b90ef8b81fe3112ae9c1cf05
	at org.openqa.selenium.remote.http.W3CHttpResponseCodec.createException(W3CHttpResponseCodec.java:187)
	at org.openqa.selenium.remote.http.W3CHttpResponseCodec.decode(W3CHttpResponseCodec.java:122)
	at org.openqa.selenium.remote.http.W3CHttpResponseCodec.decode(W3CHttpResponseCodec.java:49)
	at org.openqa.selenium.remote.HttpCommandExecutor.execute(HttpCommandExecutor.java:158)
	at org.openqa.selenium.remote.service.DriverCommandExecutor.execute(DriverCommandExecutor.java:83)
	at org.openqa.selenium.remote.RemoteWebDriver.execute(RemoteWebDriver.java:552)
	at org.openqa.selenium.remote.RemoteWebDriver$RemoteTargetLocator.frame(RemoteWebDriver.java:872)
	at Mccm.Pega.QAUtil.TestUtil.SwitcToFrame(TestUtil.java:42)
	at Mccm.Pega.Outbound.PegaTest.PegamarktingTest.VerifyNBACampaignRunSuccessfully(PegamarktingTest.java:50)
	at java.util.ArrayList.forEach(ArrayList.java:1257)
... Removed 35 stack frames</div></td></tr></table><p class="totop"><a href="#summary">back to summary</a></p>
<h2>Pega NBA DB Config Completed Regression Test</h2><h3 id="m13">Mccm.Pega.Outbound.PegaTest.DBConfigValdtnTest#VerifyDBConfigurationSuccessfully</h3><table class="result"><tr><th>Exception</th></tr><tr><td><div class="stacktrace">java.lang.AssertionError: expected [PR-9365] but found [PR-8199]
	at Mccm.Pega.Outbound.PegaMain.DBConfigValdtn.CampRunidValidation(DBConfigValdtn.java:174)
	at Mccm.Pega.Outbound.PegaTest.DBConfigValdtnTest.VerifyDBConfigurationSuccessfully(DBConfigValdtnTest.java:52)
	at java.util.ArrayList.forEach(ArrayList.java:1257)
... Removed 36 stack frames</div></td></tr></table><p class="totop"><a href="#summary">back to summary</a></p>
<h2>Unix Extract NBA Channel File Regression Test</h2><h3 id="m14">Mccm.Unix.Outbound.App_Unix_Outbound_Extract_Test#VerifyExtracDataLoadedSuccessfully</h3><table class="result"><tr><th class="invisible"/></tr></table><p class="totop"><a href="#summary">back to summary</a></p>
<h2>Pega Generated Extract Channel File Regression Test</h2><h3 id="m15">Mccm.Pega.Outbound.PegaTest.ExtractChannelFileTest#VerifyExtractChannelFileCheckSuccessfully</h3><table class="result"><tr><th class="invisible"/></tr></table><p class="totop"><a href="#summary">back to summary</a></p>
<h2>Pega NBACampaign Batch Process Completed Regression Test</h2><h3 id="m16">Mccm.Pega.Outbound.PegaTest.NBAOutboundValdtnTest#VerifyNBABatchProcessCompletedSuccessfully</h3><table class="result"><tr><th>Exception</th></tr><tr><td><div class="stacktrace">org.openqa.selenium.NoSuchElementException: no such element: Unable to locate element: {&quot;method&quot;:&quot;xpath&quot;,&quot;selector&quot;:&quot;(//span[contains(.,&apos;PR-&apos;)])[3]&quot;}
  (Session info: chrome=86.0.4240.75)
For documentation on this error, please visit: https://www.seleniumhq.org/exceptions/no_such_element.html
Build info: version: &apos;3.141.59&apos;, revision: &apos;e82be7d358&apos;, time: &apos;2018-11-14T08:17:03&apos;
System info: host: &apos;INSGH045PMS0&apos;, ip: &apos;10.218.211.68&apos;, os.name: &apos;Windows 10&apos;, os.arch: &apos;amd64&apos;, os.version: &apos;10.0&apos;, java.version: &apos;1.8.0_251&apos;
Driver info: org.openqa.selenium.chrome.ChromeDriver
Capabilities {acceptInsecureCerts: false, browserName: chrome, browserVersion: 86.0.4240.75, chrome: {chromedriverVersion: 86.0.4240.22 (398b0743353ff..., userDataDir: C:\Users\prout21\AppData\Lo...}, goog:chromeOptions: {debuggerAddress: localhost:49182}, javascriptEnabled: true, networkConnectionEnabled: false, pageLoadStrategy: normal, platform: WINDOWS, platformName: WINDOWS, proxy: Proxy(), setWindowRect: true, strictFileInteractability: false, timeouts: {implicit: 0, pageLoad: 300000, script: 30000}, unhandledPromptBehavior: dismiss and notify, webauthn:virtualAuthenticators: true}
Session ID: 424b4c1e8403d8b0e141a375f3134ca8
*** Element info: {Using=xpath, value=(//span[contains(.,&apos;PR-&apos;)])[3]}
	at org.openqa.selenium.remote.http.W3CHttpResponseCodec.createException(W3CHttpResponseCodec.java:187)
	at org.openqa.selenium.remote.http.W3CHttpResponseCodec.decode(W3CHttpResponseCodec.java:122)
	at org.openqa.selenium.remote.http.W3CHttpResponseCodec.decode(W3CHttpResponseCodec.java:49)
	at org.openqa.selenium.remote.HttpCommandExecutor.execute(HttpCommandExecutor.java:158)
	at org.openqa.selenium.remote.service.DriverCommandExecutor.execute(DriverCommandExecutor.java:83)
	at org.openqa.selenium.remote.RemoteWebDriver.execute(RemoteWebDriver.java:552)
	at org.openqa.selenium.remote.RemoteWebDriver.findElement(RemoteWebDriver.java:323)
	at org.openqa.selenium.remote.RemoteWebDriver.findElementByXPath(RemoteWebDriver.java:428)
	at org.openqa.selenium.By$ByXPath.findElement(By.java:353)
	at org.openqa.selenium.remote.RemoteWebDriver.findElement(RemoteWebDriver.java:315)
	at org.openqa.selenium.support.pagefactory.DefaultElementLocator.findElement(DefaultElementLocator.java:69)
	at org.openqa.selenium.support.pagefactory.internal.LocatingElementHandler.invoke(LocatingElementHandler.java:38)
	at com.sun.proxy.$Proxy7.getText(Unknown Source)
	at Mccm.Pega.Outbound.PegaMain.NBAOutboundValdtn.CampRUNid(NBAOutboundValdtn.java:187)
	at Mccm.Pega.Outbound.PegaTest.NBAOutboundValdtnTest.VerifyNBABatchProcessCompletedSuccessfully(NBAOutboundValdtnTest.java:51)
	at java.util.ArrayList.forEach(ArrayList.java:1257)
... Removed 35 stack frames</div></td></tr></table><p class="totop"><a href="#summary">back to summary</a></p>
</body>
</html>
