<?xml version="1.0" encoding="UTF-8"?>
<!-- Generated by org.testng.reporters.JUnitXMLReporter -->
<testsuite hostname="IN5CD94237KD" ignored="0" name="Pega Inbound Interaction Recent History Regression Test" tests="1" failures="1" timestamp="2021-07-02T12:05:10 IST" time="212.228" errors="0">
  <testcase name="VerifyIntractionHistoryRunSuccessfully" time="186.987" classname="Mccm.Pega.Inbound.PegaTest.PegamarktIntrctnHistoryTest">
    <failure type="org.openqa.selenium.NoSuchElementException" message="Cannot locate an element using xpath=/html[1]/body[1]/div[2]/form[1]/div[3]/div[1]/table[1]/tbody[1]/tr[1]/td[1]/div[1]/div[2]/span[1]/div[1]/span[1]/div[1]/span[2]/div[1]/div[2]/div[2]/div[4]/div[1]/div[1]/div[1]/div[1]/div[1]/div[1]/div[2]/table[1]/tbody[1]/tr[1]/td[2]/div[1]/table[1]/tbody[1]/tr[2]/td[12]
For documentation on this error, please visit: https://www.seleniumhq.org/exceptions/no_such_element.html
Build info: version: &amp;apos;3.141.59&amp;apos;, revision: &amp;apos;e82be7d358&amp;apos;, time: &amp;apos;2018-11-14T08:17:03&amp;apos;
System info: host: &amp;apos;IN5CD94237KD&amp;apos;, ip: &amp;apos;10.218.221.246&amp;apos;, os.name: &amp;apos;Windows 10&amp;apos;, os.arch: &amp;apos;amd64&amp;apos;, os.version: &amp;apos;10.0&amp;apos;, java.version: &amp;apos;1.8.0_291&amp;apos;
Driver info: driver.version: RemoteWebDriver">
      <![CDATA[org.openqa.selenium.NoSuchElementException: Cannot locate an element using xpath=/html[1]/body[1]/div[2]/form[1]/div[3]/div[1]/table[1]/tbody[1]/tr[1]/td[1]/div[1]/div[2]/span[1]/div[1]/span[1]/div[1]/span[2]/div[1]/div[2]/div[2]/div[4]/div[1]/div[1]/div[1]/div[1]/div[1]/div[1]/div[2]/table[1]/tbody[1]/tr[1]/td[2]/div[1]/table[1]/tbody[1]/tr[2]/td[12]
For documentation on this error, please visit: https://www.seleniumhq.org/exceptions/no_such_element.html
Build info: version: '3.141.59', revision: 'e82be7d358', time: '2018-11-14T08:17:03'
System info: host: 'IN5CD94237KD', ip: '10.218.221.246', os.name: 'Windows 10', os.arch: 'amd64', os.version: '10.0', java.version: '1.8.0_291'
Driver info: driver.version: RemoteWebDriver
at org.openqa.selenium.remote.RemoteWebDriver.findElement(RemoteWebDriver.java:327)
at org.openqa.selenium.remote.RemoteWebDriver.findElementByXPath(RemoteWebDriver.java:428)
at org.openqa.selenium.By$ByXPath.findElement(By.java:353)
at org.openqa.selenium.remote.RemoteWebDriver.findElement(RemoteWebDriver.java:315)
at org.openqa.selenium.support.pagefactory.DefaultElementLocator.findElement(DefaultElementLocator.java:69)
at org.openqa.selenium.support.pagefactory.internal.LocatingElementHandler.invoke(LocatingElementHandler.java:38)
at com.sun.proxy.$Proxy13.getText(Unknown Source)
at Mccm.Pega.Inbound.PegaMain.PegaMarketIntrctnHistry.InboundValidation(PegaMarketIntrctnHistry.java:192)
at Mccm.Pega.Inbound.PegaTest.PegamarktIntrctnHistoryTest.VerifyIntractionHistoryRunSuccessfully(PegamarktIntrctnHistoryTest.java:57)
at java.util.ArrayList.forEach(ArrayList.java:1259)
... Removed 27 stack frames]]>
    </failure>
  </testcase> <!-- VerifyIntractionHistoryRunSuccessfully -->
</testsuite> <!-- Pega Inbound Interaction Recent History Regression Test -->
