<!DOCTYPE html PUBLIC "-//W3C//DTD XHTML 1.1//EN" "http://www.w3.org/TR/xhtml11/DTD/xhtml11.dtd">
<html xmlns="http://www.w3.org/1999/xhtml">
<head>
<meta http-equiv="content-type" content="text/html; charset=UTF-8"/>
<title>TestNG Report</title>
<style type="text/css">table {margin-bottom:10px;border-collapse:collapse;empty-cells:show}th,td {border:1px solid #009;padding:.25em .5em}th {vertical-align:bottom}td {vertical-align:top}table a {font-weight:bold}.stripe td {background-color: #E6EBF9}.num {text-align:right}.passedodd td {background-color: #3F3}.passedeven td {background-color: #0A0}.skippedodd td {background-color: #DDD}.skippedeven td {background-color: #CCC}.failedodd td,.attn {background-color: #F33}.failedeven td,.stripe .attn {background-color: #D00}.stacktrace {white-space:pre;font-family:monospace}.totop {font-size:85%;text-align:center;border-bottom:2px solid #000}.invisible {display:none}</style>
</head>
<body>
<table>
<tr><th>Test</th><th># Passed</th><th># Skipped</th><th># Retried</th><th># Failed</th><th>Time (ms)</th><th>Included Groups</th><th>Excluded Groups</th></tr>
<tr><th colspan="7">Mccm NBA Outbound Automation Regression Suite</th></tr>
<tr><td><a href="#t0">Pre Data Setup for DB Load Regression Test</a></td><td class="num">1</td><td class="num">0</td><td class="num">0</td><td class="num">0</td><td class="num">17,828</td><td></td><td></td></tr>
<tr class="stripe"><td><a href="#t1">Unix filechk and DB loaded Regression Test</a></td><td class="num">1</td><td class="num">0</td><td class="num">0</td><td class="num">0</td><td class="num">13,342</td><td></td><td></td></tr>
<tr><td><a href="#t2">Pre Data Setup for Valid Camp Code Regression Test</a></td><td class="num">0</td><td class="num">0</td><td class="num">0</td><td class="num attn">1</td><td class="num">109,208</td><td></td><td></td></tr>
<tr class="stripe"><td><a href="#t3">Pega Dynamic System Setting Regression Test</a></td><td class="num">3</td><td class="num">0</td><td class="num">0</td><td class="num attn">2</td><td class="num">217,059</td><td></td><td></td></tr>
<tr><td><a href="#t4">Pega NBACampaign Run Marketing Completed Regression Test</a></td><td class="num">0</td><td class="num">0</td><td class="num">0</td><td class="num attn">1</td><td class="num">126,715</td><td></td><td></td></tr>
<tr class="stripe"><td><a href="#t5">Pega NBA DB Config Completed Regression Test</a></td><td class="num">0</td><td class="num attn">1</td><td class="num">0</td><td class="num">0</td><td class="num">49,360</td><td></td><td></td></tr>
<tr><td><a href="#t6">Unix Extract NBA Channel File Regression Test</a></td><td class="num">0</td><td class="num">0</td><td class="num">0</td><td class="num attn">1</td><td class="num">1,053</td><td></td><td></td></tr>
<tr class="stripe"><td><a href="#t7">Pega Generated Extract Channel File Regression Test</a></td><td class="num">0</td><td class="num attn">1</td><td class="num">0</td><td class="num">0</td><td class="num">28,373</td><td></td><td></td></tr>
<tr><td><a href="#t8">Pega NBACampaign Batch Process Completed Regression Test</a></td><td class="num">0</td><td class="num">0</td><td class="num">0</td><td class="num attn">1</td><td class="num">70,749</td><td></td><td></td></tr>
<tr><th>Total</th><th class="num">5</th><th class="num attn">2</th><th class="num">0</th><th class="num attn">6</th><th class="num">633,687</th><th colspan="2"></th></tr>
</table>
<table id='summary'><thead><tr><th>Class</th><th>Method</th><th>Start</th><th>Time (ms)</th></tr></thead><tbody><tr><th colspan="4">Mccm NBA Outbound Automation Regression Suite</th></tr></tbody><tbody id="t0"><tr><th colspan="4">Pre Data Setup for DB Load Regression Test &#8212; passed</th></tr><tr class="passedeven"><td rowspan="1">Mccm.Unix.Outbound.PreDataSetup_DBLoad_Test</td><td><a href="#m0">VerifyPreDatasetupDBLoadsuccessfully</a></td><td rowspan="1">1610954436254</td><td rowspan="1">1295</td></tr></tbody>
<tbody id="t1"><tr><th colspan="4">Unix filechk and DB loaded Regression Test &#8212; passed</th></tr><tr class="passedeven"><td rowspan="1">Mccm.Unix.Outbound.App_Unix_Outbound_Test</td><td><a href="#m1">VerifyDBDataLoadedSuccessfully</a></td><td rowspan="1">1610954438296</td><td rowspan="1">13335</td></tr></tbody>
<tbody id="t2"><tr><th colspan="4">Pre Data Setup for Valid Camp Code Regression Test &#8212; failed</th></tr><tr class="failedeven"><td rowspan="1">Mccm.Pega.Outbound.PegaTest.PegaPreChkValidCampCdTest</td><td><a href="#m2">VerifyPreCheckNBACampCodeValueValidSuccessfully</a></td><td rowspan="1">1610954475905</td><td rowspan="1">83872</td></tr></tbody>
<tbody id="t3"><tr><th colspan="4">Pega Dynamic System Setting Regression Test &#8212; failed</th></tr><tr class="failedeven"><td rowspan="1">Mccm.Pega.Outbound.PegaTest.DataLoadDetailsTest</td><td><a href="#m3">VerifyOracleCansadraDataLoadedSuccessfully</a></td><td rowspan="1">1610954626453</td><td rowspan="1">51152</td></tr><tr class="failedodd"><td rowspan="1">Mccm.Pega.Outbound.PegaTest.HomePageTest</td><td><a href="#m4">VerifyDynamicSystemSettingSuccessfully</a></td><td rowspan="1">1610954703291</td><td rowspan="1">73866</td></tr><tr><th colspan="4">Pega Dynamic System Setting Regression Test &#8212; passed</th></tr><tr class="passedeven"><td rowspan="3">Mccm.Pega.Outbound.PegaTest.LoginPageTest</td><td><a href="#m5">VerifyLoginPageTitleTest</a></td><td rowspan="1">1610954568061</td><td rowspan="1">14</td></tr><tr class="passedeven"><td><a href="#m6">VerifyLoginSuccessfulTest</a></td><td rowspan="1">1610954583571</td><td rowspan="1">11493</td></tr><tr class="passedeven"><td><a href="#m7">VerifyPegaLogoTest</a></td><td rowspan="1">1610954576615</td><td rowspan="1">150</td></tr></tbody>
<tbody id="t4"><tr><th colspan="4">Pega NBACampaign Run Marketing Completed Regression Test &#8212; failed</th></tr><tr class="failedeven"><td rowspan="1">Mccm.Pega.Outbound.PegaTest.PegamarktingTest</td><td><a href="#m8">VerifyNBACampaignRunSuccessfully</a></td><td rowspan="1">1610954797783</td><td rowspan="1">106042</td></tr></tbody>
<tbody id="t5"><tr><th colspan="4">Pega NBA DB Config Completed Regression Test &#8212; failed (configuration methods)</th></tr><tr class="failedeven"><td rowspan="1">Mccm.Pega.Outbound.PegaTest.DBConfigValdtnTest</td><td><a href="#m9">setup</a></td><td rowspan="1">1610954905629</td><td rowspan="1">49349</td></tr><tr><th colspan="4">Pega NBA DB Config Completed Regression Test &#8212; skipped (configuration methods)</th></tr><tr class="skippedeven"><td rowspan="1">Mccm.Pega.Outbound.PegaTest.DBConfigValdtnTest</td><td><a href="#m10">teardown</a></td><td rowspan="1">1610954954988</td><td rowspan="1">-1610954954988</td></tr><tr><th colspan="4">Pega NBA DB Config Completed Regression Test &#8212; skipped</th></tr><tr class="skippedeven"><td rowspan="1">Mccm.Pega.Outbound.PegaTest.DBConfigValdtnTest</td><td><a href="#m11">VerifyDBConfigurationCampRunidValidationSuccessfully</a></td><td rowspan="1">1610954954980</td><td rowspan="1">0</td></tr></tbody>
<tbody id="t6"><tr><th colspan="4">Unix Extract NBA Channel File Regression Test &#8212; failed</th></tr><tr class="failedeven"><td rowspan="1">Mccm.Unix.Outbound.App_Unix_Outbound_Extract_Test</td><td><a href="#m12">VerifyExtracDataLoadedSuccessfully</a></td><td rowspan="1">1610954955460</td><td rowspan="1">1029</td></tr></tbody>
<tbody id="t7"><tr><th colspan="4">Pega Generated Extract Channel File Regression Test &#8212; failed (configuration methods)</th></tr><tr class="failedeven"><td rowspan="1">Mccm.Pega.Outbound.PegaTest.ExtractChannelFileTest</td><td><a href="#m13">setup</a></td><td rowspan="1">1610954956716</td><td rowspan="1">28368</td></tr><tr><th colspan="4">Pega Generated Extract Channel File Regression Test &#8212; skipped (configuration methods)</th></tr><tr class="skippedeven"><td rowspan="1">Mccm.Pega.Outbound.PegaTest.ExtractChannelFileTest</td><td><a href="#m14">teardown</a></td><td rowspan="1">1610954985086</td><td rowspan="1">-1610954985086</td></tr><tr><th colspan="4">Pega Generated Extract Channel File Regression Test &#8212; skipped</th></tr><tr class="skippedeven"><td rowspan="1">Mccm.Pega.Outbound.PegaTest.ExtractChannelFileTest</td><td><a href="#m15">VerifyExtractChannelFileCheckSuccessfully</a></td><td rowspan="1">1610954985084</td><td rowspan="1">0</td></tr></tbody>
<tbody id="t8"><tr><th colspan="4">Pega NBACampaign Batch Process Completed Regression Test &#8212; failed</th></tr><tr class="failedeven"><td rowspan="1">Mccm.Pega.Outbound.PegaTest.NBAOutboundValdtnTest</td><td><a href="#m16">VerifyNBABatchProcessCompletedSuccessfully</a></td><td rowspan="1">1610955017467</td><td rowspan="1">36603</td></tr></tbody>
</table>
<h2>Pre Data Setup for DB Load Regression Test</h2><h3 id="m0">Mccm.Unix.Outbound.PreDataSetup_DBLoad_Test#VerifyPreDatasetupDBLoadsuccessfully</h3><table class="result"><tr><th class="invisible"/></tr></table><p class="totop"><a href="#summary">back to summary</a></p>
<h2>Unix filechk and DB loaded Regression Test</h2><h3 id="m1">Mccm.Unix.Outbound.App_Unix_Outbound_Test#VerifyDBDataLoadedSuccessfully</h3><table class="result"><tr><th class="invisible"/></tr></table><p class="totop"><a href="#summary">back to summary</a></p>
<h2>Pre Data Setup for Valid Camp Code Regression Test</h2><h3 id="m2">Mccm.Pega.Outbound.PegaTest.PegaPreChkValidCampCdTest#VerifyPreCheckNBACampCodeValueValidSuccessfully</h3><table class="result"><tr><th>Exception</th></tr><tr><td><div class="stacktrace">org.openqa.selenium.TimeoutException: Expected condition failed: waiting for visibility of [[ChromeDriver: chrome on WINDOWS (d88a2a0e774d470afc95a29dda61de38)] -&gt; xpath: //span[text()=&apos;Campaigns&apos;]] (tried for 60 second(s) with 500 milliseconds interval)
Build info: version: &apos;unknown&apos;, revision: &apos;unknown&apos;, time: &apos;unknown&apos;
System info: host: &apos;INSGH045PMS0&apos;, ip: &apos;192.168.1.103&apos;, os.name: &apos;Windows 10&apos;, os.arch: &apos;amd64&apos;, os.version: &apos;10.0&apos;, java.version: &apos;1.8.0_251&apos;
Driver info: org.openqa.selenium.chrome.ChromeDriver
Capabilities {acceptInsecureCerts: false, browserName: chrome, browserVersion: 87.0.4280.141, chrome: {chromedriverVersion: 87.0.4280.88 (89e2380a3e36c..., userDataDir: C:\Users\prout21\AppData\Lo...}, goog:chromeOptions: {debuggerAddress: localhost:55702}, javascriptEnabled: true, networkConnectionEnabled: false, pageLoadStrategy: normal, platform: WINDOWS, platformName: WINDOWS, proxy: Proxy(), setWindowRect: true, strictFileInteractability: false, timeouts: {implicit: 0, pageLoad: 300000, script: 30000}, unhandledPromptBehavior: dismiss and notify, webauthn:virtualAuthenticators: true}
Session ID: d88a2a0e774d470afc95a29dda61de38
	at org.openqa.selenium.support.ui.WebDriverWait.timeoutException(WebDriverWait.java:95)
	at org.openqa.selenium.support.ui.FluentWait.until(FluentWait.java:272)
	at Mccm.Pega.Outbound.PegaMain.PegaPreChkValidCampCd.Campaigns(PegaPreChkValidCampCd.java:100)
	at Mccm.Pega.Outbound.PegaTest.PegaPreChkValidCampCdTest.VerifyPreCheckNBACampCodeValueValidSuccessfully(PegaPreChkValidCampCdTest.java:54)
	at java.util.ArrayList.forEach(ArrayList.java:1257)
	at ExecutionUSECase.MainClass.main(MainClass.java:27)
... Removed 24 stack frames</div></td></tr></table><p class="totop"><a href="#summary">back to summary</a></p>
<h2>Pega Dynamic System Setting Regression Test</h2><h3 id="m3">Mccm.Pega.Outbound.PegaTest.DataLoadDetailsTest#VerifyOracleCansadraDataLoadedSuccessfully</h3><table class="result"><tr><th>Exception</th></tr><tr><td><div class="stacktrace">java.lang.AssertionError: expected [Y] but found [N]
	at Mccm.Pega.Outbound.PegaMain.DataLoadDetails.DataLoadCmpltdOracle(DataLoadDetails.java:191)
	at Mccm.Pega.Outbound.PegaTest.DataLoadDetailsTest.VerifyOracleCansadraDataLoadedSuccessfully(DataLoadDetailsTest.java:87)
	at java.util.ArrayList.forEach(ArrayList.java:1257)
	at ExecutionUSECase.MainClass.main(MainClass.java:27)
... Removed 29 stack frames</div></td></tr></table><p class="totop"><a href="#summary">back to summary</a></p>
<h3 id="m4">Mccm.Pega.Outbound.PegaTest.HomePageTest#VerifyDynamicSystemSettingSuccessfully</h3><table class="result"><tr><th>Exception</th></tr><tr><td><div class="stacktrace">org.openqa.selenium.StaleElementReferenceException: stale element reference: element is not attached to the page document
  (Session info: chrome=87.0.4280.141)
For documentation on this error, please visit: https://www.seleniumhq.org/exceptions/stale_element_reference.html
Build info: version: &apos;unknown&apos;, revision: &apos;unknown&apos;, time: &apos;unknown&apos;
System info: host: &apos;INSGH045PMS0&apos;, ip: &apos;192.168.1.103&apos;, os.name: &apos;Windows 10&apos;, os.arch: &apos;amd64&apos;, os.version: &apos;10.0&apos;, java.version: &apos;1.8.0_251&apos;
Driver info: org.openqa.selenium.chrome.ChromeDriver
Capabilities {acceptInsecureCerts: false, browserName: chrome, browserVersion: 87.0.4280.141, chrome: {chromedriverVersion: 87.0.4280.88 (89e2380a3e36c..., userDataDir: C:\Users\prout21\AppData\Lo...}, goog:chromeOptions: {debuggerAddress: localhost:55850}, javascriptEnabled: true, networkConnectionEnabled: false, pageLoadStrategy: normal, platform: WINDOWS, platformName: WINDOWS, proxy: Proxy(), setWindowRect: true, strictFileInteractability: false, timeouts: {implicit: 0, pageLoad: 300000, script: 30000}, unhandledPromptBehavior: dismiss and notify, webauthn:virtualAuthenticators: true}
Session ID: 36ceed349647364fd58d01404a6e90a5
	at org.openqa.selenium.remote.http.W3CHttpResponseCodec.createException(W3CHttpResponseCodec.java:187)
	at org.openqa.selenium.remote.http.W3CHttpResponseCodec.decode(W3CHttpResponseCodec.java:122)
	at org.openqa.selenium.remote.http.W3CHttpResponseCodec.decode(W3CHttpResponseCodec.java:49)
	at org.openqa.selenium.remote.HttpCommandExecutor.execute(HttpCommandExecutor.java:158)
	at org.openqa.selenium.remote.service.DriverCommandExecutor.execute(DriverCommandExecutor.java:83)
	at org.openqa.selenium.remote.RemoteWebDriver.execute(RemoteWebDriver.java:552)
	at org.openqa.selenium.remote.RemoteWebElement.execute(RemoteWebElement.java:285)
	at org.openqa.selenium.remote.RemoteWebElement.click(RemoteWebElement.java:84)
	at org.openqa.selenium.support.pagefactory.internal.LocatingElementHandler.invoke(LocatingElementHandler.java:51)
	at com.sun.proxy.$Proxy7.click(Unknown Source)
	at Mccm.Pega.Outbound.PegaMain.HomePageDetails.ClikMCCMNotifyErr(HomePageDetails.java:402)
	at Mccm.Pega.Outbound.PegaTest.HomePageTest.VerifyDynamicSystemSettingSuccessfully(HomePageTest.java:101)
	at java.util.ArrayList.forEach(ArrayList.java:1257)
	at ExecutionUSECase.MainClass.main(MainClass.java:27)
... Removed 31 stack frames</div></td></tr></table><p class="totop"><a href="#summary">back to summary</a></p>
<h3 id="m5">Mccm.Pega.Outbound.PegaTest.LoginPageTest#VerifyLoginPageTitleTest</h3><table class="result"><tr><th class="invisible"/></tr></table><p class="totop"><a href="#summary">back to summary</a></p>
<h3 id="m6">Mccm.Pega.Outbound.PegaTest.LoginPageTest#VerifyLoginSuccessfulTest</h3><table class="result"><tr><th class="invisible"/></tr></table><p class="totop"><a href="#summary">back to summary</a></p>
<h3 id="m7">Mccm.Pega.Outbound.PegaTest.LoginPageTest#VerifyPegaLogoTest</h3><table class="result"><tr><th class="invisible"/></tr></table><p class="totop"><a href="#summary">back to summary</a></p>
<h2>Pega NBACampaign Run Marketing Completed Regression Test</h2><h3 id="m8">Mccm.Pega.Outbound.PegaTest.PegamarktingTest#VerifyNBACampaignRunSuccessfully</h3><table class="result"><tr><th>Exception</th></tr><tr><td><div class="stacktrace">org.openqa.selenium.TimeoutException: timeout: Timed out receiving message from renderer: 60.000
  (Session info: chrome=87.0.4280.141)
Build info: version: &apos;unknown&apos;, revision: &apos;unknown&apos;, time: &apos;unknown&apos;
System info: host: &apos;INSGH045PMS0&apos;, ip: &apos;192.168.1.103&apos;, os.name: &apos;Windows 10&apos;, os.arch: &apos;amd64&apos;, os.version: &apos;10.0&apos;, java.version: &apos;1.8.0_251&apos;
Driver info: org.openqa.selenium.chrome.ChromeDriver
Capabilities {acceptInsecureCerts: false, browserName: chrome, browserVersion: 87.0.4280.141, chrome: {chromedriverVersion: 87.0.4280.88 (89e2380a3e36c..., userDataDir: C:\Users\prout21\AppData\Lo...}, goog:chromeOptions: {debuggerAddress: localhost:55913}, javascriptEnabled: true, networkConnectionEnabled: false, pageLoadStrategy: normal, platform: WINDOWS, platformName: WINDOWS, proxy: Proxy(), setWindowRect: true, strictFileInteractability: false, timeouts: {implicit: 0, pageLoad: 300000, script: 30000}, unhandledPromptBehavior: dismiss and notify, webauthn:virtualAuthenticators: true}
Session ID: 2e0c552c50a7fff72bfe0ce5ed8a003f
	at org.openqa.selenium.remote.http.W3CHttpResponseCodec.createException(W3CHttpResponseCodec.java:187)
	at org.openqa.selenium.remote.http.W3CHttpResponseCodec.decode(W3CHttpResponseCodec.java:122)
	at org.openqa.selenium.remote.http.W3CHttpResponseCodec.decode(W3CHttpResponseCodec.java:49)
	at org.openqa.selenium.remote.HttpCommandExecutor.execute(HttpCommandExecutor.java:158)
	at org.openqa.selenium.remote.service.DriverCommandExecutor.execute(DriverCommandExecutor.java:83)
	at org.openqa.selenium.remote.RemoteWebDriver.execute(RemoteWebDriver.java:552)
	at org.openqa.selenium.remote.RemoteWebDriver$RemoteTargetLocator.frame(RemoteWebDriver.java:872)
	at Mccm.Pega.QAUtil.TestUtil.SwitcToFrame(TestUtil.java:46)
	at Mccm.Pega.Outbound.PegaTest.PegamarktingTest.VerifyNBACampaignRunSuccessfully(PegamarktingTest.java:57)
	at java.util.ArrayList.forEach(ArrayList.java:1257)
	at ExecutionUSECase.MainClass.main(MainClass.java:27)
... Removed 28 stack frames</div></td></tr></table><p class="totop"><a href="#summary">back to summary</a></p>
<h2>Pega NBA DB Config Completed Regression Test</h2><h3 id="m9">Mccm.Pega.Outbound.PegaTest.DBConfigValdtnTest#setup</h3><table class="result"><tr><th>Exception</th></tr><tr><td><div class="stacktrace">org.openqa.selenium.ElementClickInterceptedException: element click intercepted: Element &lt;a href=&quot;#&quot; onclick=&quot;pd(event);&quot; class=&quot;nav-toggle-one&quot; id=&quot;appview-nav-toggle-one&quot; aria-label=&quot;Toggle Left Navigation&quot; role=&quot;button&quot; aria-collapsed=&quot;true&quot; aria-controls=&quot;sidebar-region-one&quot;&gt;&lt;/a&gt; is not clickable at point (10, 17). Other element would receive the click: &lt;div id=&quot;pega_ui_mask&quot; class=&quot;pega_ui_masking&quot; style=&quot;position: fixed; display: block; top: 0px; left: 0px; height: 613px; width: 1024px;&quot;&gt;...&lt;/div&gt;
  (Session info: chrome=87.0.4280.141)
Build info: version: &apos;unknown&apos;, revision: &apos;unknown&apos;, time: &apos;unknown&apos;
System info: host: &apos;INSGH045PMS0&apos;, ip: &apos;192.168.1.103&apos;, os.name: &apos;Windows 10&apos;, os.arch: &apos;amd64&apos;, os.version: &apos;10.0&apos;, java.version: &apos;1.8.0_251&apos;
Driver info: org.openqa.selenium.chrome.ChromeDriver
Capabilities {acceptInsecureCerts: false, browserName: chrome, browserVersion: 87.0.4280.141, chrome: {chromedriverVersion: 87.0.4280.88 (89e2380a3e36c..., userDataDir: C:\Users\prout21\AppData\Lo...}, goog:chromeOptions: {debuggerAddress: localhost:55962}, javascriptEnabled: true, networkConnectionEnabled: false, pageLoadStrategy: normal, platform: WINDOWS, platformName: WINDOWS, proxy: Proxy(), setWindowRect: true, strictFileInteractability: false, timeouts: {implicit: 0, pageLoad: 300000, script: 30000}, unhandledPromptBehavior: dismiss and notify, webauthn:virtualAuthenticators: true}
Session ID: 964b565c8f60c59f7d7c4ac226ad5d03
	at org.openqa.selenium.remote.http.W3CHttpResponseCodec.createException(W3CHttpResponseCodec.java:187)
	at org.openqa.selenium.remote.http.W3CHttpResponseCodec.decode(W3CHttpResponseCodec.java:122)
	at org.openqa.selenium.remote.http.W3CHttpResponseCodec.decode(W3CHttpResponseCodec.java:49)
	at org.openqa.selenium.remote.HttpCommandExecutor.execute(HttpCommandExecutor.java:158)
	at org.openqa.selenium.remote.service.DriverCommandExecutor.execute(DriverCommandExecutor.java:83)
	at org.openqa.selenium.remote.RemoteWebDriver.execute(RemoteWebDriver.java:552)
	at org.openqa.selenium.remote.RemoteWebElement.execute(RemoteWebElement.java:285)
	at org.openqa.selenium.remote.RemoteWebElement.click(RemoteWebElement.java:84)
	at org.openqa.selenium.support.pagefactory.internal.LocatingElementHandler.invoke(LocatingElementHandler.java:51)
	at com.sun.proxy.$Proxy7.click(Unknown Source)
	at Mccm.Pega.Outbound.PegaMain.HomePage.DBConfigValidation(HomePage.java:49)
	at Mccm.Pega.Outbound.PegaTest.DBConfigValdtnTest.setup(DBConfigValdtnTest.java:36)
	at java.util.ArrayList.forEach(ArrayList.java:1257)
	at ExecutionUSECase.MainClass.main(MainClass.java:27)
... Removed 35 stack frames</div></td></tr></table><p class="totop"><a href="#summary">back to summary</a></p>
<h3 id="m10">Mccm.Pega.Outbound.PegaTest.DBConfigValdtnTest#teardown</h3><table class="result"><tr><th class="invisible"/></tr></table><p class="totop"><a href="#summary">back to summary</a></p>
<h3 id="m11">Mccm.Pega.Outbound.PegaTest.DBConfigValdtnTest#VerifyDBConfigurationCampRunidValidationSuccessfully</h3><table class="result"><tr><th>Exception</th></tr><tr><td><div class="stacktrace">org.openqa.selenium.ElementClickInterceptedException: element click intercepted: Element &lt;a href=&quot;#&quot; onclick=&quot;pd(event);&quot; class=&quot;nav-toggle-one&quot; id=&quot;appview-nav-toggle-one&quot; aria-label=&quot;Toggle Left Navigation&quot; role=&quot;button&quot; aria-collapsed=&quot;true&quot; aria-controls=&quot;sidebar-region-one&quot;&gt;&lt;/a&gt; is not clickable at point (10, 17). Other element would receive the click: &lt;div id=&quot;pega_ui_mask&quot; class=&quot;pega_ui_masking&quot; style=&quot;position: fixed; display: block; top: 0px; left: 0px; height: 613px; width: 1024px;&quot;&gt;...&lt;/div&gt;
  (Session info: chrome=87.0.4280.141)
Build info: version: &apos;unknown&apos;, revision: &apos;unknown&apos;, time: &apos;unknown&apos;
System info: host: &apos;INSGH045PMS0&apos;, ip: &apos;192.168.1.103&apos;, os.name: &apos;Windows 10&apos;, os.arch: &apos;amd64&apos;, os.version: &apos;10.0&apos;, java.version: &apos;1.8.0_251&apos;
Driver info: org.openqa.selenium.chrome.ChromeDriver
Capabilities {acceptInsecureCerts: false, browserName: chrome, browserVersion: 87.0.4280.141, chrome: {chromedriverVersion: 87.0.4280.88 (89e2380a3e36c..., userDataDir: C:\Users\prout21\AppData\Lo...}, goog:chromeOptions: {debuggerAddress: localhost:55962}, javascriptEnabled: true, networkConnectionEnabled: false, pageLoadStrategy: normal, platform: WINDOWS, platformName: WINDOWS, proxy: Proxy(), setWindowRect: true, strictFileInteractability: false, timeouts: {implicit: 0, pageLoad: 300000, script: 30000}, unhandledPromptBehavior: dismiss and notify, webauthn:virtualAuthenticators: true}
Session ID: 964b565c8f60c59f7d7c4ac226ad5d03
	at org.openqa.selenium.remote.http.W3CHttpResponseCodec.createException(W3CHttpResponseCodec.java:187)
	at org.openqa.selenium.remote.http.W3CHttpResponseCodec.decode(W3CHttpResponseCodec.java:122)
	at org.openqa.selenium.remote.http.W3CHttpResponseCodec.decode(W3CHttpResponseCodec.java:49)
	at org.openqa.selenium.remote.HttpCommandExecutor.execute(HttpCommandExecutor.java:158)
	at org.openqa.selenium.remote.service.DriverCommandExecutor.execute(DriverCommandExecutor.java:83)
	at org.openqa.selenium.remote.RemoteWebDriver.execute(RemoteWebDriver.java:552)
	at org.openqa.selenium.remote.RemoteWebElement.execute(RemoteWebElement.java:285)
	at org.openqa.selenium.remote.RemoteWebElement.click(RemoteWebElement.java:84)
	at org.openqa.selenium.support.pagefactory.internal.LocatingElementHandler.invoke(LocatingElementHandler.java:51)
	at com.sun.proxy.$Proxy7.click(Unknown Source)
	at Mccm.Pega.Outbound.PegaMain.HomePage.DBConfigValidation(HomePage.java:49)
	at Mccm.Pega.Outbound.PegaTest.DBConfigValdtnTest.setup(DBConfigValdtnTest.java:36)
	at java.util.ArrayList.forEach(ArrayList.java:1257)
	at ExecutionUSECase.MainClass.main(MainClass.java:27)
... Removed 35 stack frames</div></td></tr></table><p class="totop"><a href="#summary">back to summary</a></p>
<h2>Unix Extract NBA Channel File Regression Test</h2><h3 id="m12">Mccm.Unix.Outbound.App_Unix_Outbound_Extract_Test#VerifyExtracDataLoadedSuccessfully</h3><table class="result"><tr><th>Exception</th></tr><tr><td><div class="stacktrace">com.jcraft.jsch.JSchException: java.net.ConnectException: Connection refused: connect
	at com.jcraft.jsch.Util.createSocket(Util.java:349)
	at com.jcraft.jsch.Session.connect(Session.java:215)
	at com.jcraft.jsch.Session.connect(Session.java:183)
	at Mccm.Unix.Outbound.App_Unix_Outbound_Extract_Test.VerifyExtracDataLoadedSuccessfully(App_Unix_Outbound_Extract_Test.java:82)
	at java.util.ArrayList.forEach(ArrayList.java:1257)
	at ExecutionUSECase.MainClass.main(MainClass.java:27)
Caused by: java.net.ConnectException: Connection refused: connect
	at java.net.DualStackPlainSocketImpl.connect0(Native Method)
	at java.net.DualStackPlainSocketImpl.socketConnect(DualStackPlainSocketImpl.java:79)
	at java.net.AbstractPlainSocketImpl.doConnect(AbstractPlainSocketImpl.java:350)
	at java.net.AbstractPlainSocketImpl.connectToAddress(AbstractPlainSocketImpl.java:206)
	at java.net.AbstractPlainSocketImpl.connect(AbstractPlainSocketImpl.java:188)
	at java.net.PlainSocketImpl.connect(PlainSocketImpl.java:172)
	at java.net.SocksSocketImpl.connect(SocksSocketImpl.java:392)
	at java.net.Socket.connect(Socket.java:606)
	at java.net.Socket.connect(Socket.java:555)
	at java.net.Socket.&lt;init&gt;(Socket.java:451)
	at java.net.Socket.&lt;init&gt;(Socket.java:228)
	at com.jcraft.jsch.Util.createSocket(Util.java:343)
	... 29 more
... Removed 24 stack frames</div></td></tr></table><p class="totop"><a href="#summary">back to summary</a></p>
<h2>Pega Generated Extract Channel File Regression Test</h2><h3 id="m13">Mccm.Pega.Outbound.PegaTest.ExtractChannelFileTest#setup</h3><table class="result"><tr><th>Exception</th></tr><tr><td><div class="stacktrace">org.openqa.selenium.ElementClickInterceptedException: element click intercepted: Element &lt;a href=&quot;#&quot; onclick=&quot;pd(event);&quot; class=&quot;nav-toggle-one&quot; id=&quot;appview-nav-toggle-one&quot; aria-label=&quot;Toggle Left Navigation&quot; role=&quot;button&quot; aria-collapsed=&quot;true&quot; aria-controls=&quot;sidebar-region-one&quot;&gt;&lt;/a&gt; is not clickable at point (10, 17). Other element would receive the click: &lt;div id=&quot;pega_ui_mask&quot; class=&quot;pega_ui_masking&quot; style=&quot;position: fixed; display: block; top: 0px; left: 0px; height: 613px; width: 1024px;&quot;&gt;...&lt;/div&gt;
  (Session info: chrome=87.0.4280.141)
Build info: version: &apos;unknown&apos;, revision: &apos;unknown&apos;, time: &apos;unknown&apos;
System info: host: &apos;INSGH045PMS0&apos;, ip: &apos;192.168.1.103&apos;, os.name: &apos;Windows 10&apos;, os.arch: &apos;amd64&apos;, os.version: &apos;10.0&apos;, java.version: &apos;1.8.0_251&apos;
Driver info: org.openqa.selenium.chrome.ChromeDriver
Capabilities {acceptInsecureCerts: false, browserName: chrome, browserVersion: 87.0.4280.141, chrome: {chromedriverVersion: 87.0.4280.88 (89e2380a3e36c..., userDataDir: C:\Users\prout21\AppData\Lo...}, goog:chromeOptions: {debuggerAddress: localhost:55993}, javascriptEnabled: true, networkConnectionEnabled: false, pageLoadStrategy: normal, platform: WINDOWS, platformName: WINDOWS, proxy: Proxy(), setWindowRect: true, strictFileInteractability: false, timeouts: {implicit: 0, pageLoad: 300000, script: 30000}, unhandledPromptBehavior: dismiss and notify, webauthn:virtualAuthenticators: true}
Session ID: cc30faa6078ae48fa4356368b81ff7ce
	at org.openqa.selenium.remote.http.W3CHttpResponseCodec.createException(W3CHttpResponseCodec.java:187)
	at org.openqa.selenium.remote.http.W3CHttpResponseCodec.decode(W3CHttpResponseCodec.java:122)
	at org.openqa.selenium.remote.http.W3CHttpResponseCodec.decode(W3CHttpResponseCodec.java:49)
	at org.openqa.selenium.remote.HttpCommandExecutor.execute(HttpCommandExecutor.java:158)
	at org.openqa.selenium.remote.service.DriverCommandExecutor.execute(DriverCommandExecutor.java:83)
	at org.openqa.selenium.remote.RemoteWebDriver.execute(RemoteWebDriver.java:552)
	at org.openqa.selenium.remote.RemoteWebElement.execute(RemoteWebElement.java:285)
	at org.openqa.selenium.remote.RemoteWebElement.click(RemoteWebElement.java:84)
	at org.openqa.selenium.support.pagefactory.internal.LocatingElementHandler.invoke(LocatingElementHandler.java:51)
	at com.sun.proxy.$Proxy7.click(Unknown Source)
	at Mccm.Pega.Outbound.PegaMain.HomePage.ExtractChannelFile(HomePage.java:55)
	at Mccm.Pega.Outbound.PegaTest.ExtractChannelFileTest.setup(ExtractChannelFileTest.java:36)
	at java.util.ArrayList.forEach(ArrayList.java:1257)
	at ExecutionUSECase.MainClass.main(MainClass.java:27)
... Removed 35 stack frames</div></td></tr></table><p class="totop"><a href="#summary">back to summary</a></p>
<h3 id="m14">Mccm.Pega.Outbound.PegaTest.ExtractChannelFileTest#teardown</h3><table class="result"><tr><th class="invisible"/></tr></table><p class="totop"><a href="#summary">back to summary</a></p>
<h3 id="m15">Mccm.Pega.Outbound.PegaTest.ExtractChannelFileTest#VerifyExtractChannelFileCheckSuccessfully</h3><table class="result"><tr><th>Exception</th></tr><tr><td><div class="stacktrace">org.openqa.selenium.ElementClickInterceptedException: element click intercepted: Element &lt;a href=&quot;#&quot; onclick=&quot;pd(event);&quot; class=&quot;nav-toggle-one&quot; id=&quot;appview-nav-toggle-one&quot; aria-label=&quot;Toggle Left Navigation&quot; role=&quot;button&quot; aria-collapsed=&quot;true&quot; aria-controls=&quot;sidebar-region-one&quot;&gt;&lt;/a&gt; is not clickable at point (10, 17). Other element would receive the click: &lt;div id=&quot;pega_ui_mask&quot; class=&quot;pega_ui_masking&quot; style=&quot;position: fixed; display: block; top: 0px; left: 0px; height: 613px; width: 1024px;&quot;&gt;...&lt;/div&gt;
  (Session info: chrome=87.0.4280.141)
Build info: version: &apos;unknown&apos;, revision: &apos;unknown&apos;, time: &apos;unknown&apos;
System info: host: &apos;INSGH045PMS0&apos;, ip: &apos;192.168.1.103&apos;, os.name: &apos;Windows 10&apos;, os.arch: &apos;amd64&apos;, os.version: &apos;10.0&apos;, java.version: &apos;1.8.0_251&apos;
Driver info: org.openqa.selenium.chrome.ChromeDriver
Capabilities {acceptInsecureCerts: false, browserName: chrome, browserVersion: 87.0.4280.141, chrome: {chromedriverVersion: 87.0.4280.88 (89e2380a3e36c..., userDataDir: C:\Users\prout21\AppData\Lo...}, goog:chromeOptions: {debuggerAddress: localhost:55993}, javascriptEnabled: true, networkConnectionEnabled: false, pageLoadStrategy: normal, platform: WINDOWS, platformName: WINDOWS, proxy: Proxy(), setWindowRect: true, strictFileInteractability: false, timeouts: {implicit: 0, pageLoad: 300000, script: 30000}, unhandledPromptBehavior: dismiss and notify, webauthn:virtualAuthenticators: true}
Session ID: cc30faa6078ae48fa4356368b81ff7ce
	at org.openqa.selenium.remote.http.W3CHttpResponseCodec.createException(W3CHttpResponseCodec.java:187)
	at org.openqa.selenium.remote.http.W3CHttpResponseCodec.decode(W3CHttpResponseCodec.java:122)
	at org.openqa.selenium.remote.http.W3CHttpResponseCodec.decode(W3CHttpResponseCodec.java:49)
	at org.openqa.selenium.remote.HttpCommandExecutor.execute(HttpCommandExecutor.java:158)
	at org.openqa.selenium.remote.service.DriverCommandExecutor.execute(DriverCommandExecutor.java:83)
	at org.openqa.selenium.remote.RemoteWebDriver.execute(RemoteWebDriver.java:552)
	at org.openqa.selenium.remote.RemoteWebElement.execute(RemoteWebElement.java:285)
	at org.openqa.selenium.remote.RemoteWebElement.click(RemoteWebElement.java:84)
	at org.openqa.selenium.support.pagefactory.internal.LocatingElementHandler.invoke(LocatingElementHandler.java:51)
	at com.sun.proxy.$Proxy7.click(Unknown Source)
	at Mccm.Pega.Outbound.PegaMain.HomePage.ExtractChannelFile(HomePage.java:55)
	at Mccm.Pega.Outbound.PegaTest.ExtractChannelFileTest.setup(ExtractChannelFileTest.java:36)
	at java.util.ArrayList.forEach(ArrayList.java:1257)
	at ExecutionUSECase.MainClass.main(MainClass.java:27)
... Removed 35 stack frames</div></td></tr></table><p class="totop"><a href="#summary">back to summary</a></p>
<h2>Pega NBACampaign Batch Process Completed Regression Test</h2><h3 id="m16">Mccm.Pega.Outbound.PegaTest.NBAOutboundValdtnTest#VerifyNBABatchProcessCompletedSuccessfully</h3><table class="result"><tr><th>Exception</th></tr><tr><td><div class="stacktrace">java.lang.AssertionError: expected [PR-18801] but found [PR-19158]
	at Mccm.Pega.Outbound.PegaMain.NBAOutboundValdtn.CampRUNid(NBAOutboundValdtn.java:192)
	at Mccm.Pega.Outbound.PegaTest.NBAOutboundValdtnTest.VerifyNBABatchProcessCompletedSuccessfully(NBAOutboundValdtnTest.java:52)
	at java.util.ArrayList.forEach(ArrayList.java:1257)
	at ExecutionUSECase.MainClass.main(MainClass.java:27)
... Removed 29 stack frames</div></td></tr></table><p class="totop"><a href="#summary">back to summary</a></p>
</body>
</html>
